Booting Linux on physical CPU 0
Initializing cgroup subsys cpuset
Initializing cgroup subsys cpu
Linux version 3.4.112-sun7i (root@bpi-iot-ros) (gcc version 4.8.4 (Ubuntu/Linaro 4.8.4-2ubuntu1~14.04.1) ) #2 SMP PREEMPT Sat May 28 20:25:03 CST 2016
CPU: ARMv7 Processor [410fc074] revision 4 (ARMv7), cr=10c5387d
CPU: PIPT / VIPT nonaliasing data cache, VIPT aliasing instruction cache
Machine: sun7i
Memory Reserved:
	SYS  : 0x43000000 - 0x4300ffff  (  64 kB)
	VE   : 0x44000000 - 0x48ffffff  (  80 MB)
	G2D  : 0x49000000 - 0x49ffffff  (  16 MB)
	LCD  : 0x4a000000 - 0x4bffffff  (  32 MB)
Memory policy: ECC disabled, Data cache writealloc
sunxi: Allwinner A20 (AW1651/sun7i) detected.
On node 0 totalpages: 262144
free_area_init_node: node 0, pgdat c0a7f800, node_mem_map d0000000
  DMA zone: 512 pages used for memmap
  DMA zone: 0 pages reserved
  DMA zone: 65024 pages, LIFO batch:15
  Normal zone: 1008 pages used for memmap
  Normal zone: 128016 pages, LIFO batch:31
  HighMem zone: 528 pages used for memmap
  HighMem zone: 67056 pages, LIFO batch:15
PERCPU: Embedded 8 pages/cpu @d0808000 s8256 r8192 d16320 u32768
pcpu-alloc: s8256 r8192 d16320 u32768 alloc=8*4096
pcpu-alloc: [0] 0 [0] 1 
Built 1 zonelists in Zone order, mobility grouping on.  Total pages: 260096
Kernel command line: console=ttyS0,115200 console=tty1 root=/dev/mmcblk0p2 rootwait rootfstype=ext4 cgroup_enable=memory swapaccount=1 hdmi.audio=EDID:0 disp.screen0_output_mode=1280x720p60 panic=10 consoleblank=0 enforcing=0 loglevel=8
PID hash table entries: 4096 (order: 2, 16384 bytes)
Dentry cache hash table entries: 131072 (order: 7, 524288 bytes)
Inode-cache hash table entries: 65536 (order: 6, 262144 bytes)
allocated 2097152 bytes of page_cgroup
please try 'cgroup_disable=memory' option if you don't want memory cgroups
Memory: 1024MB = 1024MB total
Memory: 889776k/889776k available, 158800k reserved, 270336K highmem
Virtual kernel memory layout:
    vector  : 0xffff0000 - 0xffff1000   (   4 kB)
    fixmap  : 0xfff00000 - 0xfffe0000   ( 896 kB)
    vmalloc : 0xf0000000 - 0xff000000   ( 240 MB)
    lowmem  : 0xc0000000 - 0xef800000   ( 760 MB)
    pkmap   : 0xbfe00000 - 0xc0000000   (   2 MB)
    modules : 0xbf000000 - 0xbfe00000   (  14 MB)
      .text : 0xc0008000 - 0xc09d5bc0   (10039 kB)
      .init : 0xc09d6000 - 0xc0a0e040   ( 225 kB)
      .data : 0xc0a10000 - 0xc0a880e0   ( 481 kB)
       .bss : 0xc0a88104 - 0xc0c5d4f8   (1877 kB)
SLUB: Genslabs=11, HWalign=64, Order=0-3, MinObjects=0, CPUs=2, Nodes=1
Preemptible hierarchical RCU implementation.
	RCU dyntick-idle grace-period acceleration is enabled.
	Additional per-CPU info printed with stalls.
NR_IRQS:192
Architected local timer running at 24.00MHz.
sched_clock: 32 bits at 24MHz, resolution 41ns, wraps every 178956ms
start_kernel(): bug: interrupts were enabled early
Console: colour dummy device 80x30
console [tty1] enabled
Calibrating delay loop... 1816.98 BogoMIPS (lpj=9084928)
pid_max: default: 32768 minimum: 301
Mount-cache hash table entries: 512
Initializing cgroup subsys cpuacct
Initializing cgroup subsys memory
Initializing cgroup subsys devices
Initializing cgroup subsys freezer
Initializing cgroup subsys blkio
Initializing cgroup subsys perf_event
CPU: Testing write buffer coherency: ok
CPU0: thread -1, cpu 0, socket 0, mpidr 80000000
hw perfevents: enabled with ARMv7 Cortex-A7 PMU driver, 5 counters available
Setting up static identity map for 0x40716440 - 0x40716498
CPU1: Booted secondary processor
CPU1: thread -1, cpu 1, socket 0, mpidr 80000001
Brought up 2 CPUs
SMP: Total of 2 processors activated (3640.52 BogoMIPS).
devtmpfs: initialized
dummy: 
NET: Registered protocol family 16
DMA: preallocated 256 KiB pool for atomic coherent allocations
hw-breakpoint: found 5 (+1 reserved) breakpoint and 4 watchpoint registers.
hw-breakpoint: maximum watchpoint size is 8 bytes.
[ccu-inf] aw clock manager init
[ccu-inf] aw_ccu_init
[ccu-inf] script config pll3 to 297MHz
[ccu-inf] script config pll4 to 300MHz
[ccu-inf] script config pll6 to 600MHz
[ccu-inf] script config pll7 to 297MHz
[ccu-inf] script config pll8 to 336MHz
Init eGon pin module V2.0
bio: create slab <bio-0> at 0
sunxi_gpio driver init ver 1.3
gpiochip_add: registered GPIOs 1 to 88 on device: A1X_GPIO
SCSI subsystem initialized
libata version 3.00 loaded.
usbcore: registered new interface driver usbfs
usbcore: registered new interface driver hub
usbcore: registered new device driver usb
Linux media interface: v0.10
Linux video capture interface: v2.00
Advanced Linux Sound Architecture Driver Version 1.0.25.
Switching to clocksource arch_sys_counter
FS-Cache: Loaded
CacheFiles: Loaded
cfg80211: Calling CRDA to update world regulatory domain
[usb_manager]: CONFIG_USB_SW_SUNXI_USB0_OTG
WRN:L485(drivers/usb/sunxi_usb/manager/usb_manager.c):wrn: usb0 is disable
[sw_hcd0]: usb host driver initialize........
[sw_udc]: udc_init: version 20080411
NET: Registered protocol family 2
IP route cache hash table entries: 32768 (order: 5, 131072 bytes)
TCP established hash table entries: 131072 (order: 8, 1048576 bytes)
TCP bind hash table entries: 65536 (order: 7, 786432 bytes)
TCP: Hash tables configured (established 131072 bind 65536)
TCP: reno registered
UDP hash table entries: 512 (order: 2, 16384 bytes)
UDP-Lite hash table entries: 512 (order: 2, 16384 bytes)
NET: Registered protocol family 1
RPC: Registered named UNIX socket transport module.
RPC: Registered udp transport module.
RPC: Registered tcp transport module.
RPC: Registered tcp NFSv4.1 backchannel transport module.
Trying to unpack rootfs image as initramfs...
Freeing initrd memory: 3860K
audit: initializing netlink socket (disabled)
type=2000 audit(0.820:1): initialized
highmem bounce pool size: 64 pages
VFS: Disk quotas dquot_6.5.2
Dquot-cache hash table entries: 1024 (order 0, 4096 bytes)
squashfs: version 4.0 (2009/01/31) Phillip Lougher
NFS: Registering the id_resolver key type
NTFS driver 2.1.30 [Flags: R/W].
fuse init (API version 7.18)
JFS: nTxBlock = 6981, nTxLock = 55852
SGI XFS with ACLs, security attributes, large block/inode numbers, no debug enabled
Btrfs loaded
msgmni has been set to 1217
alg: No test for stdrng (krng)
Block layer SCSI generic (bsg) driver version 0.4 loaded (major 252)
io scheduler noop registered
io scheduler deadline registered
io scheduler cfq registered (default)
sunxi disp driver loaded (/dev/disp api 1.0)
Serial: 8250/16550 driver, 8 ports, IRQ sharing disabled
[uart]: used uart info.: 0x8d
[uart]: serial probe 0 irq 33 mapbase 0x01c28000
sunxi-uart.0: ttyS0 at MMIO 0x1c28000 (irq = 33) is a U6_16550A
console [ttyS0] enabled
[uart]: serial probe 2 irq 35 mapbase 0x01c28800
sunxi-uart.2: ttyS1 at MMIO 0x1c28800 (irq = 35) is a U6_16550A
[uart]: serial probe 3 irq 36 mapbase 0x01c28c00
sunxi-uart.3: ttyS2 at MMIO 0x1c28c00 (irq = 36) is a U6_16550A
[uart]: serial probe 7 irq 52 mapbase 0x01c29c00
sunxi-uart.7: ttyS3 at MMIO 0x1c29c00 (irq = 52) is a U6_16550A
G2D: drv_g2d_init
G2D: g2dmem: g2d_start=49000000, g2d_size=1000000
G2D: head:c9000000,tail:ca000000
G2D: Module initialized.major:250
brd: module loaded
loop: module loaded
nand driver is disabled 
sw_ahci sw_ahci.0: controller can't do PMP, turning off CAP_PMP
ahci: SSS flag set, parallel bus scan disabled
sw_ahci sw_ahci.0: AHCI 0001.0100 32 slots 1 ports 3 Gbps 0x1 impl platform mode
sw_ahci sw_ahci.0: flags: ncq sntf stag pm led clo only pio slum part ccc 
scsi0 : sw_ahci_platform
ata1: SATA max UDMA/133 mmio [mem 0x01c18000-0x01c18fff] port 0x100 irq 88
[spi-inf] Found 2 spi devices in config files
[spi-inf] boards num modalias         max_spd_hz       bus_num  cs   mode
[spi-inf] spi_board0 irq gpio not used
[spi-inf] 0          spidev           12000000         0        0    0x3   
[spi-inf] spi_board1 irq gpio not used
[spi-inf] 1          spidev           12000000         0        1    0x3   
[spi-inf] sun7i_spi_probe: sun7i spi probe
[spi-inf] sun7i_spi_probe: spi0 dma type: normal
[spi-inf] bus num = 0, spi used = 3 
[spi-inf] sun7i_spi_probe: spi0 cs bitmap: 0x3
[spi-inf] sun7i_spi_set_mclk: spi0 source = sdram_pll_p, src_clk = 432000000, mclk 86400000
sun7i-spi sun7i-spi.0: master is unqueued, this is deprecated
[spi-inf] sun7i_spi_setup: enter, bpw: 8, mshz: 12000000, mode: 3
[spi-inf] sun7i_spi_setup: enter, bpw: 8, mshz: 12000000, mode: 3
[spi-inf] sun7i_spi_probe: reuuimlla's SoC SPI Driver loaded for Bus SPI0 with 2 Slaves at most
[spi-inf] sun7i_spi_probe: spi0 driver probe succeed, base f051c000, irq 42, dma_id_rx 24, dma_id_tx 24
bonding: Ethernet Channel Bonding Driver: v3.7.1 (April 27, 2011)
Fixed MDIO Bus: probed
emac_init fetch emac using configuration failed
emac driver is disabled
gmac: use mac address from chipid
gmac: device MAC address 02:8f:06:c1:1a:2a
[gmac]: sun6i_gmac platform driver registration completed
PPP generic driver version 2.4.2
PPP BSD Compression module registered
PPP Deflate Compression module registered
PPP MPPE Compression module registered
NET: Registered protocol family 24
ehci_hcd: USB 2.0 'Enhanced' Host Controller (EHCI) Driver
ohci_hcd: USB 1.1 'Open' Host Controller (OHCI) Driver
[sw-ehci1]: open clock
ata1: SATA link down (SStatus 0 SControl 300)
[sw-ehci1]: Set USB Power ON
sw-ehci sw-ehci.1: SW USB2.0 'Enhanced' Host Controller (EHCI) Driver
sw-ehci sw-ehci.1: new USB bus registered, assigned bus number 1
sw-ehci sw-ehci.1: irq 71, io mem 0x01c14000
sw-ehci sw-ehci.1: USB 2.0 started, EHCI 1.00
ehci_irq: port change detect
hub 1-0:1.0: USB hub found
hub 1-0:1.0: 1 port detected
[sw-ohci1]: open clock
sw-ohci sw-ohci.1: SW USB2.0 'Open' Host Controller (OHCI) Driver
sw-ohci sw-ohci.1: new USB bus registered, assigned bus number 2
sw-ohci sw-ohci.1: irq 96, io mem 0x01c14400
hub 2-0:1.0: USB hub found
hub 2-0:1.0: 1 port detected
[sw-ehci2]: open clock
[sw-ehci2]: Set USB Power ON
sw-ehci sw-ehci.2: SW USB2.0 'Enhanced' Host Controller (EHCI) Driver
sw-ehci sw-ehci.2: new USB bus registered, assigned bus number 3
sw-ehci sw-ehci.2: irq 72, io mem 0x01c1c000
sw-ehci sw-ehci.2: USB 2.0 started, EHCI 1.00
ehci_irq: port change detect
hub 3-0:1.0: USB hub found
hub 3-0:1.0: 1 port detected
[sw-ohci2]: open clock
sw-ohci sw-ohci.2: SW USB2.0 'Open' Host Controller (OHCI) Driver
ehci_irq: port change detect
sw-ohci sw-ohci.2: new USB bus registered, assigned bus number 4
sw-ohci sw-ohci.2: irq 97, io mem 0x01c1c400
The port change to OHCI now!
hub 4-0:1.0: USB hub found
hub 4-0:1.0: 1 port detected
Initializing USB Mass Storage driver...
usbcore: registered new interface driver usb-storage
USB Mass Storage support registered.
usbcore: registered new interface driver ums-alauda
usbcore: registered new interface driver ums-cypress
usbcore: registered new interface driver ums-datafab
usbcore: registered new interface driver ums_eneub6250
usbcore: registered new interface driver ums-freecom
usbcore: registered new interface driver ums-isd200
usbcore: registered new interface driver ums-jumpshot
usbcore: registered new interface driver ums-karma
usbcore: registered new interface driver ums-onetouch
usbcore: registered new interface driver ums-realtek
usbcore: registered new interface driver ums-sddr09
usbcore: registered new interface driver ums-sddr55
usbcore: registered new interface driver ums-usbat
mousedev: PS/2 mouse device common for all mice
===========================hv_keypad_init=====================
========HV Inital ===================
tkey_fetch_sysconfig_para: tkey_unused. 
hv_keypad_init: after fetch_sysconfig_para:  normal_i2c: 0x0. normal_i2c[1]: 0x0 
sunxi-rtc sunxi-rtc: Warning: RTC time is wrong!
sunxi-rtc sunxi-rtc: rtc core: registered rtc as rtc0
i2c /dev entries driver
config i2c gpio with gpio_config api
axp_mfd 0-0034: AXP (CHIP ID: 0x41) detected
axp_mfd 0-0034: AXP internal temperature monitoring enabled
[AXP]axp driver uning configuration failed(342)
usb 2-1: new full-speed USB device number 2 using sw-ohci
[AXP]power_start = 0
i2c i2c-0: Invalid probe address 0x00
I2C: i2c-0: AW16XX I2C adapter
config i2c gpio with gpio_config api
i2c i2c-1: Invalid probe address 0x00
I2C: i2c-1: AW16XX I2C adapter
config i2c gpio with gpio_config api
i2c i2c-2: Invalid probe address 0x00
I2C: i2c-2: AW16XX I2C adapter
config i2c gpio with gpio_config api
i2c i2c-3: Invalid probe address 0x00
I2C: i2c-3: AW16XX I2C adapter
[cedar dev]: install start!!!
[cedar dev]: install end!!!
[tt]----- avs_dev driver load... ----
[tt]-----      register iomem      ----
Cannot reserve region for ccmu
[tt]--- avs_dev driver load ok!! -----
[ace_drv] start!!!
[ace_drv] init end!!!
[pa_drv] start!!!
[pa_drv] init end!!!
axp20_ldo1: 1300 mV 
axp20_ldo2: 1800 <--> 3300 mV at 3000 mV 
axp20_ldo3: 700 <--> 3500 mV at 2800 mV 
axp20_ldo4: 1250 <--> 3300 mV at 2800 mV 
axp20_buck2: 700 <--> 2275 mV at 1450 mV 
somebody is trying to set dcdc3 range to (1300000, 1300000) uV
but we keep dcdc3 = 1250000 uV from the bootloader
axp20_buck3: 700 <--> 3500 mV at 1250 mV 
axp20_ldoio0: 1800 <--> 3300 mV at 2800 mV 
input: axp20-supplyer as /devices/platform/sunxi-i2c.0/i2c-0/0-0034/axp20-supplyer.28/input/input0
axp20_ldo2: Failed to create debugfs directory
incomplete xfer (0x20)
incomplete xfer (0x20)
incomplete xfer (0x20)
incomplete xfer (0x20)
incomplete xfer (0x20)
incomplete xfer (0x20)
incomplete xfer (0x20)
incomplete xfer (0x20)
incomplete xfer (0x20)
incomplete xfer (0x20)
incomplete xfer (0x20)
incomplete xfer (0x20)
incomplete xfer (0x20)
incomplete xfer (0x20)
incomplete xfer (0x20)
incomplete xfer (0x20)
incomplete xfer (0x20)
incomplete xfer (0x20)
incomplete xfer (0x20)
usb 3-1: new high-speed USB device number 2 using sw-ehci
incomplete xfer (0x20)
incomplete xfer (0x20)
incomplete xfer (0x20)
incomplete xfer (0x20)
incomplete xfer (0x20)
incomplete xfer (0x20)
incomplete xfer (0x20)
incomplete xfer (0x20)
incomplete xfer (0x20)
incomplete xfer (0x20)
incomplete xfer (0x20)
incomplete xfer (0x20)
incomplete xfer (0x20)
incomplete xfer (0x20)
incomplete xfer (0x20)
incomplete xfer (0x20)
incomplete xfer (0x20)
device-mapper: uevent: version 1.0.3
device-mapper: ioctl: 4.22.0-ioctl (2011-10-19) initialised: dm-devel@redhat.com
device-mapper: multipath: version 1.3.2 loaded
device-mapper: multipath round-robin: version 1.0.0 loaded
device-mapper: multipath queue-length: version 0.1.0 loaded
device-mapper: multipath service-time: version 0.2.0 loaded
cpuidle: using governor ladder
cpuidle: using governor menu
[mmc-msg] sw_mci_init
[mmc-msg] MMC host used card: 0x1, boot card: 0x0, io_card 0
[mmc-msg] sdc0 set round clock 400000, src 24000000
[mmc-msg] sdc0 set ios: clk 0Hz bm OD pm OFF vdd 3.3V width 1 timing LEGACY(SDR12) dt B
[mmc-msg] sdc0 Probe: base:0xf0574000 irq:64 sg_cpu:f0576000(4fc00000) ret 0.
[mmc_pm]: failed to fetch sdio card configuration!
sunxi_leds driver init
Registered led device: green:ph24:led1
ledtrig-cpu: registered to indicate activity on CPUs
input: Logitech USB Receiver as /devices/platform/sw-ohci.1/usb2/2-1/2-1:1.0/input/input1
generic-usb 0003:046D:C534.0001: input,hidraw0: USB HID v1.11 Keyboard [Logitech USB Receiver] on usb-sw-ohci-1/input0
input: Logitech USB Receiver as /devices/platform/sw-ohci.1/usb2/2-1/2-1:1.1/input/input2
generic-usb 0003:046D:C534.0002: input,hiddev0,hidraw1: USB HID v1.11 Mouse [Logitech USB Receiver] on usb-sw-ohci-1/input1
usbcore: registered new interface driver usbhid
usbhid: USB HID core driver
ashmem: initialized
logger: created 256K log 'log_main'
logger: created 256K log 'log_events'
logger: created 256K log 'log_radio'
logger: created 256K log 'log_system'
[SPDIF] [spdif_para] isn't defined or spdif_used=0
[I2S-0] Entered sunxi_i2s_init
[I2S-0] sunxi-i2s cannot find any using configuration for controllers, return directly!
[I2S-0] sndi2s cannot find any using configuration for controllers, return directly!
[I2S-0] Entered sunxi_sndi2s_init
IPv4 over IPv4 tunneling driver
TCP: bic registered
TCP: cubic registered
TCP: westwood registered
TCP: highspeed registered
TCP: hybla registered
TCP: htcp registered
TCP: vegas registered
TCP: veno registered
TCP: scalable registered
TCP: lp registered
TCP: yeah registered
TCP: illinois registered
Initializing XFRM netlink socket
NET: Registered protocol family 10
NET: Registered protocol family 17
NET: Registered protocol family 15
[mmc_pm]: No sdio card, please check your config !!
Registering the dns_resolver key type
VFP support v0.3: implementor 41 architecture 2 part 30 variant 7 rev 4
Registering SWP/SWPB emulation handler
axp20_buck2: Failed to create debugfs directory
[cpu_freq] INF:-------------------V-F Table-------------------
[cpu_freq] INF:	voltage = 1450mv 	frequency = 1008MHz
[cpu_freq] INF:	voltage = 1425mv 	frequency =  912MHz
[cpu_freq] INF:	voltage = 1350mv 	frequency =  864MHz
[cpu_freq] INF:	voltage = 1250mv 	frequency =  720MHz
[cpu_freq] INF:	voltage = 1150mv 	frequency =  528MHz
[cpu_freq] INF:	voltage = 1100mv 	frequency =  312MHz
[cpu_freq] INF:	voltage = 1050mv 	frequency =  144MHz
[cpu_freq] INF:	voltage = 1000mv 	frequency =    0MHz
[cpu_freq] INF:-----------------------------------------------
[cpu_freq] INF:sunxi_cpufreq_initcall, get cpu frequency from sysconfig, max freq: 912MHz, min freq: 720MHz
registered taskstats version 1
I2C: i2c-4: HDMI I2C adapter
ParseEDID
EDID version: 1.3
PCLK=148500000 X 1920 2008 2052 2200 Y 1080 1084 1089 1125 fr 60 PP
Using above mode as preferred EDID mode
Unimplemented SVD code 31
Unimplemented SVD code 16
disp_clk: Could not find a matching pll-freq for 53900000 pclk
disp_clk: Could not find a matching pll-freq for 53900000 pclk
disp_clk: Could not find a matching pll-freq for 108100000 pclk
disp_clk: Could not find a matching pll-freq for 72650000 pclk
disp_clk: Could not find a matching pll-freq for 74200000 pclk
disp_clk: Could not find a matching pll-freq for 25150000 pclk
disp_clk: Could not find a matching pll-freq for 146850000 pclk
disp_clk: Could not find a matching pll-freq for 78800000 pclk
disp_clk: Could not find a matching pll-freq for 53450000 pclk
disp_clk: Could not find a matching pll-freq for 26150000 pclk
Parse_VideoData_Block: VIC 16 (native) support
Parse_VideoData_Block: VIC 4 support
Parse_VideoData_Block: VIC 3 support
Parse_VideoData_Block: VIC 1 support
Parse_VideoData_Block: VIC 20 support
Parse_VideoData_Block: VIC 18 support
Parse_VideoData_Block: VIC 5 support
Parse_VideoData_Block: VIC 31 support
Parse_VideoData_Block: VIC 16 support
Parse_VideoData_Block: VIC 19 support
Parse_AudioData_Block: max channel=2
Parse_AudioData_Block: SampleRate code=7
Parse_AudioData_Block: WordLen code=7
Find HDMI Vendor Specific DataBlock
PCLK=148500000 X 1920 2008 2052 2200 Y 1080 1084 1089 1125 fr 60 PP
PCLK=74250000 X 1920 2008 2052 2200 Y 540 542 547 562 fr 60 PP
PCLK=74250000 X 1280 1390 1430 1650 Y 720 725 730 750 fr 60 PP
PCLK=27000000 X 720 736 798 858 Y 480 489 495 525 fr 59 NN
asoc: sndhdmi <-> sunxi-hdmiaudio.0 mapping ok
disp clks: lcd 74250000 pre_scale 1 hdmi 74250000 pll 297000000 2x 0
[mmc-msg] mmc 0 detect change, present 1
[mmc-msg] sdc0 set ios: clk 0Hz bm PP pm UP vdd 3.3V width 1 timing LEGACY(SDR12) dt B
[mmc-msg] sdc0 power on
[mmc-msg] sdc0 set ios: clk 400000Hz bm PP pm ON vdd 3.3V width 1 timing LEGACY(SDR12) dt B
[mmc-msg] sdc0 set round clock 400000, src 24000000
Console: switching to colour frame buffer device 160x45
axp20_buck3: incomplete constraints, leaving on
axp20_buck2: incomplete constraints, leaving on
[mmc-err] smc 0 err, cmd 52,  RTO
axp20_ldo4: incomplete constraints, leaving on
[mmc-err] smc 0 err, cmd 52,  RTO
[mmc-msg] sdc0 set ios: clk 400000Hz bm PP pm ON vdd 3.3V width 1 timing LEGACY(SDR12) dt B
axp20_ldo3: incomplete constraints, leaving on
axp20_ldo2: incomplete constraints, leaving on
[mmc-msg] sdc0 set ios: clk 400000Hz bm PP pm ON vdd 3.3V width 1 timing LEGACY(SDR12) dt B
axp20_ldo1: incomplete constraints, leaving on
[mmc-err] smc 0 err, cmd 5,  RTO
[mmc-err] smc 0 err, cmd 5,  RTO
[mmc-err] smc 0 err, cmd 5,  RTO
[mmc-err] smc 0 err, cmd 5,  RTO
[mmc-msg] sdc0 set ios: clk 400000Hz bm PP pm ON vdd 3.3V width 1 timing LEGACY(SDR12) dt B
[mmc-msg] sdc0 set ios: clk 400000Hz bm PP pm ON vdd 3.3V width 1 timing LEGACY(SDR12) dt B
[mmc-msg] sdc0 set ios: clk 400000Hz bm PP pm ON vdd 3.3V width 1 timing LEGACY(SDR12) dt B
console [netcon0] enabled
netconsole: network logging started
otg_wakelock_init: No USB transceiver found
ALSA device list:
  #0: sunxi-CODEC  Audio Codec
  #1: sunxi-sndhdmi
Freeing init memory: 224K
[mmc-msg] sdc0 set ios: clk 400000Hz bm PP pm ON vdd 3.3V width 1 timing SD-HS(SDR25) dt B
[mmc-msg] sdc0 set ios: clk 50000000Hz bm PP pm ON vdd 3.3V width 1 timing SD-HS(SDR25) dt B
[mmc-msg] sdc0 set round clock 42857143, src 600000000
[mmc-msg] sdc0 set ios: clk 50000000Hz bm PP pm ON vdd 3.3V width 4 timing SD-HS(SDR25) dt B
mmc0: new high speed SDHC card at address aaaa
mmcblk0: mmc0:aaaa SL16G 14.8 GiB 
 mmcblk0: p1 p2
EXT4-fs (mmcblk0p2): mounted filesystem without journal. Opts: (null)
systemd[1]: RTC configured in localtime, applying delta of 480 minutes to system time.
ip_tables: (C) 2000-2006 Netfilter Core Team
systemd[1]: systemd 222 running in system mode. (+PAM +AUDIT +SELINUX +IMA -APPARMOR +SMACK +SYSVINIT +UTMP +LIBCRYPTSETUP +GCRYPT +GNUTLS +ACL +XZ -LZ4 +SECCOMP +BLKID +ELFUTILS +KMOD +IDN)
systemd[1]: Detected architecture arm.
systemd[1]: Set hostname to <bananapi>.
systemd[132]: /usr/lib/systemd/system-generators/anaconda-generator failed with error code 1.
systemd[1]: Reached target Swap.
systemd[1]: Starting Swap.
systemd[1]: Created slice Root Slice.
systemd[1]: Starting Root Slice.
systemd[1]: Listening on Journal Socket.
systemd[1]: Starting Journal Socket.
systemd[1]: Listening on /dev/initctl Compatibility Named Pipe.
systemd[1]: Starting /dev/initctl Compatibility Named Pipe.
systemd[1]: Listening on LVM2 poll daemon socket.
systemd[1]: Starting LVM2 poll daemon socket.
systemd[1]: Listening on udev Control Socket.
systemd[1]: Starting udev Control Socket.
systemd[1]: Created slice System Slice.
systemd[1]: Starting System Slice.
systemd[1]: Started Load legacy module configuration.
systemd[1]: Starting Create list of required static device nodes for the current kernel...
systemd[1]: Created slice system-serial\x2dgetty.slice.
systemd[1]: Starting system-serial\x2dgetty.slice.
systemd[1]: Created slice system-getty.slice.
systemd[1]: Starting system-getty.slice.
systemd[1]: Mounting POSIX Message Queue File System...
systemd[1]: Started Kernel Module supporting RPCSEC_GSS.
systemd[1]: Listening on Journal Audit Socket.
systemd[1]: Starting Journal Audit Socket.
systemd[1]: Listening on udev Kernel Socket.
systemd[1]: Starting udev Kernel Socket.
systemd[1]: Created slice User and Session Slice.
systemd[1]: Starting User and Session Slice.
systemd[1]: Reached target Slices.
systemd[1]: Starting Slices.
systemd[1]: Starting Load Kernel Modules...
systemd[1]: Listening on Journal Socket (/dev/log).
systemd[1]: Starting Journal Socket (/dev/log).
systemd[1]: Starting Journal Service...
UMP<2>: Inserting UMP device driver. Compiled: May 28 2016, time: 20:15:28
UMP<2>: dma_set_mask_and_coherent calling
UMP<2>: dma_set_mask_and_coherent result=-5
UMP<2>: dma_set_mask_and_coherent failed
UMP<2>: Using CMA memory backend, allocation limit: 134217728
UMP: UMP device driver  loaded
[drm] Initialized drm 1.1.0 20060810
Mali: permit MALI_IOC_MEM_MAP_EXT ioctl for framebuffer (paddr=0x4A000000, size=33554432)
mali: use config clk_div 1
mali: clk_div 1
Mali: mali clock set completed, clock is  312000000 Hz
mali: use config clk_div 1
mali: clk_div 1
Mali: mali clock set completed, clock is  312000000 Hz
Mali: Mali device driver loaded
Mali DRM initialize, driver name: mali_drm, version 2.1
[drm] Initialized mali_drm 2.1.1 20101111 on minor 0
Mali DRM initialize, driver name: mali_drm, version 2.1
[drm] Initialized mali_drm 2.1.1 20101111 on minor 1
systemd[1]: Starting Setup Virtual Console...
systemd[1]: Started Forward Password Requests to Wall Directory Watch.
systemd[1]: Starting Forward Password Requests to Wall Directory Watch.
systemd[1]: Mounting NFSD configuration filesystem...
systemd[1]: Mounting Debug File System...
Installing knfsd (copyright (C) 1996 okir@monad.swb.de).
systemd[1]: Listening on LVM2 metadata daemon socket.
systemd[1]: Starting LVM2 metadata daemon socket.
systemd[1]: Mounted Huge Pages File System.
systemd[1]: Listening on Device-mapper event daemon FIFOs.
systemd[1]: Starting Device-mapper event daemon FIFOs.
systemd[1]: Starting Monitoring of LVM2 mirrors, snapshots etc. using dmeventd or progress polling...
systemd[1]: Starting Remount Root and Kernel File Systems...
systemd[1]: Reached target User and Group Name Lookups.
systemd[1]: Starting User and Group Name Lookups.
systemd[1]: Started Device-Mapper Multipath Device Controller.
systemd[1]: Set up automount Arbitrary Executable File Formats File System Automount Point.
systemd[1]: Starting Arbitrary Executable File Formats File System Automount Point.
EXT4-fs (mmcblk0p2): re-mounted. Opts: (null)
systemd[1]: Started Set Up Additional Binary Formats.
systemd[1]: Mounted NFSD configuration filesystem.
systemd[1]: Mounted POSIX Message Queue File System.
systemd[1]: Mounted Debug File System.
systemd[1]: Started Journal Service.
type=1130 audit(12.260:2): pid=1 uid=0 auid=4294967295 ses=4294967295 msg='unit=systemd-journald comm="systemd" exe="/usr/lib/systemd/systemd" hostname=? addr=? terminal=? res=success'
type=1130 audit(12.360:3): pid=1 uid=0 auid=4294967295 ses=4294967295 msg='unit=kmod-static-nodes comm="systemd" exe="/usr/lib/systemd/systemd" hostname=? addr=? terminal=? res=success'
type=1130 audit(12.500:4): pid=1 uid=0 auid=4294967295 ses=4294967295 msg='unit=systemd-modules-load comm="systemd" exe="/usr/lib/systemd/systemd" hostname=? addr=? terminal=? res=failed'
type=1130 audit(12.590:5): pid=1 uid=0 auid=4294967295 ses=4294967295 msg='unit=systemd-remount-fs comm="systemd" exe="/usr/lib/systemd/systemd" hostname=? addr=? terminal=? res=success'
type=1130 audit(13.050:6): pid=1 uid=0 auid=4294967295 ses=4294967295 msg='unit=systemd-vconsole-setup comm="systemd" exe="/usr/lib/systemd/systemd" hostname=? addr=? terminal=? res=success'
type=1130 audit(13.130:7): pid=1 uid=0 auid=4294967295 ses=4294967295 msg='unit=lvm2-lvmetad comm="systemd" exe="/usr/lib/systemd/systemd" hostname=? addr=? terminal=? res=success'
type=1130 audit(13.650:8): pid=1 uid=0 auid=4294967295 ses=4294967295 msg='unit=fedora-readonly comm="systemd" exe="/usr/lib/systemd/systemd" hostname=? addr=? terminal=? res=success'
type=1130 audit(13.800:9): pid=1 uid=0 auid=4294967295 ses=4294967295 msg='unit=systemd-sysctl comm="systemd" exe="/usr/lib/systemd/systemd" hostname=? addr=? terminal=? res=success'
type=1130 audit(13.890:10): pid=1 uid=0 auid=4294967295 ses=4294967295 msg='unit=lvm2-monitor comm="systemd" exe="/usr/lib/systemd/systemd" hostname=? addr=? terminal=? res=success'
type=1130 audit(13.970:11): pid=1 uid=0 auid=4294967295 ses=4294967295 msg='unit=systemd-tmpfiles-setup-dev comm="systemd" exe="/usr/lib/systemd/systemd" hostname=? addr=? terminal=? res=success'
systemd-journald[155]: Received request to flush runtime journal from PID 1
audit_printk_skb: 12 callbacks suppressed
type=1130 audit(17.690:16): pid=1 uid=0 auid=4294967295 ses=4294967295 msg='unit=plymouth-start comm="systemd" exe="/usr/lib/systemd/systemd" hostname=? addr=? terminal=? res=success'
ERR: script_parser_fetch usb_controller_type failed
usbcore: registered new interface driver rtl8192cu
type=1130 audit(18.030:17): pid=1 uid=0 auid=4294967295 ses=4294967295 msg='unit=systemd-udev-settle comm="systemd" exe="/usr/lib/systemd/systemd" hostname=? addr=? terminal=? res=success'
type=1130 audit(18.220:18): pid=1 uid=0 auid=4294967295 ses=4294967295 msg='unit=dmraid-activation comm="systemd" exe="/usr/lib/systemd/systemd" hostname=? addr=? terminal=? res=success'
type=1131 audit(18.240:19): pid=1 uid=0 auid=4294967295 ses=4294967295 msg='unit=dmraid-activation comm="systemd" exe="/usr/lib/systemd/systemd" hostname=? addr=? terminal=? res=success'
type=1130 audit(18.940:20): pid=1 uid=0 auid=4294967295 ses=4294967295 msg='unit=systemd-tmpfiles-setup comm="systemd" exe="/usr/lib/systemd/systemd" hostname=? addr=? terminal=? res=success'
type=1130 audit(19.020:21): pid=1 uid=0 auid=4294967295 ses=4294967295 msg='unit=plymouth-read-write comm="systemd" exe="/usr/lib/systemd/systemd" hostname=? addr=? terminal=? res=success'
type=1131 audit(19.070:22): pid=1 uid=0 auid=4294967295 ses=4294967295 msg='unit=plymouth-read-write comm="systemd" exe="/usr/lib/systemd/systemd" hostname=? addr=? terminal=? res=success'
type=1130 audit(19.140:23): pid=1 uid=0 auid=4294967295 ses=4294967295 msg='unit=dracut-shutdown comm="systemd" exe="/usr/lib/systemd/systemd" hostname=? addr=? terminal=? res=success'
type=1130 audit(19.240:24): pid=1 uid=0 auid=4294967295 ses=4294967295 msg='unit=nfs-config comm="systemd" exe="/usr/lib/systemd/systemd" hostname=? addr=? terminal=? res=success'
type=1131 audit(19.260:25): pid=1 uid=0 auid=4294967295 ses=4294967295 msg='unit=nfs-config comm="systemd" exe="/usr/lib/systemd/systemd" hostname=? addr=? terminal=? res=success'
